{"total": {"lines":{"total":201,"covered":182,"skipped":0,"pct":90.54},"statements":{"total":207,"covered":188,"skipped":0,"pct":90.82},"functions":{"total":56,"covered":52,"skipped":0,"pct":92.85},"branches":{"total":140,"covered":118,"skipped":0,"pct":84.28},"branchesTrue":{"total":0,"covered":0,"skipped":0,"pct":"Unknown"}}
,"/Users/cosmo/Documents/Course/sample-semrel/src/calculator.js": {"lines":{"total":50,"covered":50,"skipped":0,"pct":100},"functions":{"total":15,"covered":15,"skipped":0,"pct":100},"statements":{"total":51,"covered":51,"skipped":0,"pct":100},"branches":{"total":34,"covered":34,"skipped":0,"pct":100}}
,"/Users/cosmo/Documents/Course/sample-semrel/src/logger.js": {"lines":{"total":55,"covered":38,"skipped":0,"pct":69.09},"functions":{"total":17,"covered":13,"skipped":0,"pct":76.47},"statements":{"total":55,"covered":38,"skipped":0,"pct":69.09},"branches":{"total":40,"covered":22,"skipped":0,"pct":55}}
,"/Users/cosmo/Documents/Course/sample-semrel/src/userManager.js": {"lines":{"total":96,"covered":94,"skipped":0,"pct":97.91},"functions":{"total":24,"covered":24,"skipped":0,"pct":100},"statements":{"total":101,"covered":99,"skipped":0,"pct":98.01},"branches":{"total":66,"covered":62,"skipped":0,"pct":93.93}}
}
