{"total": {"lines":{"total":193,"covered":136,"skipped":0,"pct":70.46},"statements":{"total":198,"covered":141,"skipped":0,"pct":71.21},"functions":{"total":54,"covered":37,"skipped":0,"pct":68.51},"branches":{"total":140,"covered":96,"skipped":0,"pct":68.57},"branchesTrue":{"total":0,"covered":0,"skipped":0,"pct":"Unknown"}}
,"/Users/cosmo/Documents/Course/sample-semrel/src/calculator.js": {"lines":{"total":50,"covered":50,"skipped":0,"pct":100},"functions":{"total":14,"covered":14,"skipped":0,"pct":100},"statements":{"total":50,"covered":50,"skipped":0,"pct":100},"branches":{"total":34,"covered":34,"skipped":0,"pct":100}}
,"/Users/cosmo/Documents/Course/sample-semrel/src/logger.js": {"lines":{"total":55,"covered":0,"skipped":0,"pct":0},"functions":{"total":17,"covered":0,"skipped":0,"pct":0},"statements":{"total":55,"covered":0,"skipped":0,"pct":0},"branches":{"total":40,"covered":0,"skipped":0,"pct":0}}
,"/Users/cosmo/Documents/Course/sample-semrel/src/userManager.js": {"lines":{"total":88,"covered":86,"skipped":0,"pct":97.72},"functions":{"total":23,"covered":23,"skipped":0,"pct":100},"statements":{"total":93,"covered":91,"skipped":0,"pct":97.84},"branches":{"total":66,"covered":62,"skipped":0,"pct":93.93}}
}
