TN:
SF:src/calculator.js
FN:10,(anonymous_0)
FN:21,(anonymous_1)
FN:37,(anonymous_2)
FN:53,(anonymous_3)
FN:69,(anonymous_4)
FN:89,(anonymous_5)
FN:104,(anonymous_6)
FN:122,(anonymous_7)
FN:123,(anonymous_8)
FN:132,(anonymous_9)
FN:140,(anonymous_10)
FN:151,(anonymous_11)
FN:171,(anonymous_12)
FN:175,(anonymous_13)
FN:183,(anonymous_14)
FNF:15
FNH:15
FNDA:47,(anonymous_0)
FNDA:132,(anonymous_1)
FNDA:9,(anonymous_2)
FNDA:16,(anonymous_3)
FNDA:8,(anonymous_4)
FNDA:7,(anonymous_5)
FNDA:7,(anonymous_6)
FNDA:7,(anonymous_7)
FNDA:107,(anonymous_8)
FNDA:1,(anonymous_9)
FNDA:4,(anonymous_10)
FNDA:163,(anonymous_11)
FNDA:3,(anonymous_12)
FNDA:7,(anonymous_13)
FNDA:5,(anonymous_14)
DA:11,47
DA:12,47
DA:22,132
DA:23,4
DA:26,128
DA:27,128
DA:28,128
DA:38,9
DA:39,2
DA:42,7
DA:43,7
DA:44,7
DA:54,16
DA:55,2
DA:58,14
DA:59,14
DA:60,14
DA:70,8
DA:71,2
DA:74,6
DA:75,1
DA:78,5
DA:79,5
DA:80,5
DA:90,7
DA:91,2
DA:94,5
DA:95,5
DA:96,5
DA:105,7
DA:106,2
DA:109,5
DA:110,1
DA:113,4
DA:114,4
DA:115,4
DA:123,107
DA:133,1
DA:141,4
DA:152,163
DA:159,163
DA:162,163
DA:163,10
DA:172,3
DA:173,3
DA:175,3
DA:176,7
DA:179,3
DA:183,5
DA:192,2
LF:50
LH:50
BRDA:22,0,0,4
BRDA:22,0,1,128
BRDA:22,1,0,132
BRDA:22,1,1,129
BRDA:38,2,0,2
BRDA:38,2,1,7
BRDA:38,3,0,9
BRDA:38,3,1,8
BRDA:54,4,0,2
BRDA:54,4,1,14
BRDA:54,5,0,16
BRDA:54,5,1,15
BRDA:70,6,0,2
BRDA:70,6,1,6
BRDA:70,7,0,8
BRDA:70,7,1,7
BRDA:74,8,0,1
BRDA:74,8,1,5
BRDA:90,9,0,2
BRDA:90,9,1,5
BRDA:90,10,0,7
BRDA:90,10,1,6
BRDA:105,11,0,2
BRDA:105,11,1,5
BRDA:109,12,0,1
BRDA:109,12,1,4
BRDA:141,13,0,2
BRDA:141,13,1,2
BRDA:162,14,0,10
BRDA:162,14,1,153
BRDA:176,15,0,7
BRDA:176,15,1,5
BRDA:183,16,0,2
BRDA:183,16,1,3
BRF:34
BRH:34
end_of_record
TN:
SF:src/logger.js
FN:10,(anonymous_0)
FN:33,(anonymous_1)
FN:42,(anonymous_2)
FN:51,(anonymous_3)
FN:60,(anonymous_4)
FN:71,(anonymous_5)
FN:121,(anonymous_6)
FN:136,(anonymous_7)
FN:157,(anonymous_8)
FN:168,(anonymous_9)
FN:192,(anonymous_10)
FN:207,(anonymous_11)
FN:217,(anonymous_12)
FN:233,(anonymous_13)
FN:248,createRequestLogger
FN:251,(anonymous_15)
FN:254,(anonymous_16)
FNF:17
FNH:13
FNDA:15,(anonymous_0)
FNDA:3,(anonymous_1)
FNDA:2,(anonymous_2)
FNDA:22,(anonymous_3)
FNDA:2,(anonymous_4)
FNDA:30,(anonymous_5)
FNDA:15,(anonymous_6)
FNDA:26,(anonymous_7)
FNDA:1,(anonymous_8)
FNDA:1,(anonymous_9)
FNDA:1,(anonymous_10)
FNDA:0,(anonymous_11)
FNDA:1,(anonymous_12)
FNDA:1,(anonymous_13)
FNDA:0,createRequestLogger
FNDA:0,(anonymous_15)
FNDA:0,(anonymous_16)
DA:11,15
DA:12,15
DA:19,15
DA:25,15
DA:34,3
DA:43,2
DA:52,22
DA:61,2
DA:73,30
DA:74,4
DA:77,26
DA:78,26
DA:79,26
DA:82,26
DA:91,26
DA:92,0
DA:94,0
DA:96,0
DA:98,0
DA:100,0
DA:103,0
DA:107,0
DA:113,26
DA:122,15
DA:123,15
DA:125,15
DA:126,15
DA:129,0
DA:146,26
DA:158,1
DA:159,1
DA:169,1
DA:179,1
DA:181,1
DA:182,0
DA:184,1
DA:193,1
DA:194,1
DA:195,1
DA:196,1
DA:198,1
DA:199,1
DA:208,0
DA:218,1
DA:225,1
DA:226,1
DA:234,1
DA:249,0
DA:251,0
DA:252,0
DA:254,0
DA:255,0
DA:256,0
DA:259,0
DA:263,2
LF:55
LH:38
BRDA:10,0,0,1
BRDA:33,1,0,2
BRDA:42,2,0,2
BRDA:51,3,0,20
BRDA:60,4,0,2
BRDA:73,5,0,4
BRDA:73,5,1,26
BRDA:78,6,0,26
BRDA:78,6,1,0
BRDA:87,7,0,26
BRDA:87,7,1,4
BRDA:91,8,0,0
BRDA:91,8,1,26
BRDA:94,9,0,0
BRDA:94,9,1,0
BRDA:94,10,0,0
BRDA:94,10,1,0
BRDA:98,11,0,0
BRDA:98,11,1,0
BRDA:122,12,0,15
BRDA:122,12,1,15
BRDA:125,13,0,15
BRDA:125,13,1,0
BRDA:146,14,0,0
BRDA:146,14,1,26
BRDA:175,15,0,1
BRDA:175,15,1,0
BRDA:181,16,0,0
BRDA:181,16,1,1
BRDA:194,17,0,1
BRDA:194,17,1,0
BRDA:195,18,0,1
BRDA:195,18,1,1
BRDA:195,18,2,0
BRDA:198,19,0,1
BRDA:198,19,1,0
BRDA:217,20,0,0
BRDA:225,21,0,0
BRDA:225,21,1,1
BRDA:248,22,0,0
BRF:40
BRH:22
end_of_record
TN:
SF:src/userManager.js
FN:10,(anonymous_0)
FN:20,(anonymous_1)
FN:35,(anonymous_2)
FN:82,(anonymous_3)
FN:92,(anonymous_4)
FN:116,(anonymous_5)
FN:123,(anonymous_6)
FN:127,(anonymous_7)
FN:137,(anonymous_8)
FN:146,(anonymous_9)
FN:195,(anonymous_10)
FN:215,(anonymous_11)
FN:224,(anonymous_12)
FN:242,(anonymous_13)
FN:244,(anonymous_14)
FN:245,(anonymous_15)
FN:251,(anonymous_16)
FN:257,(anonymous_17)
FN:263,(anonymous_18)
FN:273,(anonymous_19)
FN:284,(anonymous_20)
FN:295,(anonymous_21)
FN:312,(anonymous_22)
FN:320,(anonymous_23)
FNF:24
FNH:24
FNDA:47,(anonymous_0)
FNDA:101,(anonymous_1)
FNDA:88,(anonymous_2)
FNDA:10,(anonymous_3)
FNDA:6,(anonymous_4)
FNDA:14,(anonymous_5)
FNDA:2,(anonymous_6)
FNDA:17,(anonymous_7)
FNDA:27,(anonymous_8)
FNDA:11,(anonymous_9)
FNDA:8,(anonymous_10)
FNDA:1,(anonymous_11)
FNDA:1,(anonymous_12)
FNDA:4,(anonymous_13)
FNDA:6,(anonymous_14)
FNDA:6,(anonymous_15)
FNDA:6,(anonymous_16)
FNDA:3,(anonymous_17)
FNDA:3,(anonymous_18)
FNDA:2,(anonymous_19)
FNDA:89,(anonymous_20)
FNDA:84,(anonymous_21)
FNDA:6,(anonymous_22)
FNDA:12,(anonymous_23)
DA:11,47
DA:12,47
DA:13,47
DA:21,101
DA:22,101
DA:24,101
DA:25,101
DA:37,88
DA:38,2
DA:41,86
DA:42,2
DA:46,84
DA:47,84
DA:49,84
DA:50,3
DA:54,81
DA:55,3
DA:59,78
DA:60,78
DA:71,78
DA:72,78
DA:74,78
DA:83,10
DA:84,10
DA:93,6
DA:94,3
DA:97,3
DA:99,3
DA:100,5
DA:101,2
DA:105,1
DA:117,14
DA:119,14
DA:122,14
DA:123,2
DA:127,17
DA:130,14
DA:131,2
DA:132,12
DA:133,0
DA:137,27
DA:147,11
DA:149,11
DA:150,1
DA:154,10
DA:155,5
DA:156,1
DA:159,4
DA:162,4
DA:163,1
DA:166,3
DA:170,8
DA:179,8
DA:180,7
DA:181,2
DA:183,5
DA:186,6
DA:187,6
DA:196,8
DA:198,8
DA:199,1
DA:203,7
DA:204,7
DA:205,7
DA:207,7
DA:216,1
DA:225,1
DA:227,1
DA:228,0
DA:231,1
DA:232,1
DA:233,1
DA:235,1
DA:243,4
DA:244,6
DA:245,6
DA:247,4
DA:252,6
DA:253,6
DA:258,3
DA:264,3
DA:274,2
DA:275,2
DA:285,89
DA:286,89
DA:296,84
DA:298,84
DA:299,49
DA:300,4
DA:304,80
DA:313,6
DA:314,2
DA:317,4
DA:319,4
DA:321,12
DA:327,2
LF:96
LH:94
BRDA:35,0,0,87
BRDA:37,1,0,2
BRDA:37,1,1,86
BRDA:37,2,0,88
BRDA:37,2,1,86
BRDA:41,3,0,2
BRDA:41,3,1,84
BRDA:41,4,0,86
BRDA:41,4,1,84
BRDA:49,5,0,3
BRDA:49,5,1,81
BRDA:54,6,0,3
BRDA:54,6,1,78
BRDA:84,7,0,7
BRDA:84,7,1,3
BRDA:93,8,0,3
BRDA:93,8,1,3
BRDA:93,9,0,6
BRDA:93,9,1,4
BRDA:100,10,0,2
BRDA:100,10,1,3
BRDA:116,11,0,11
BRDA:117,12,0,13
BRDA:117,13,0,13
BRDA:122,14,0,1
BRDA:122,14,1,13
BRDA:130,15,0,2
BRDA:130,15,1,12
BRDA:132,16,0,0
BRDA:132,16,1,12
BRDA:149,17,0,1
BRDA:149,17,1,10
BRDA:154,18,0,5
BRDA:154,18,1,5
BRDA:155,19,0,1
BRDA:155,19,1,4
BRDA:162,20,0,1
BRDA:162,20,1,3
BRDA:162,21,0,4
BRDA:162,21,1,3
BRDA:179,22,0,7
BRDA:179,22,1,1
BRDA:180,23,0,2
BRDA:180,23,1,5
BRDA:180,24,0,7
BRDA:180,24,1,5
BRDA:198,25,0,1
BRDA:198,25,1,7
BRDA:227,26,0,0
BRDA:227,26,1,1
BRDA:256,27,0,3
BRDA:256,27,1,1
BRDA:258,28,0,0
BRDA:258,28,1,3
BRDA:262,29,0,3
BRDA:262,29,1,1
BRDA:264,30,0,0
BRDA:264,30,1,3
BRDA:299,31,0,4
BRDA:299,31,1,45
BRDA:313,32,0,2
BRDA:313,32,1,4
BRDA:313,33,0,6
BRDA:313,33,1,4
BRDA:321,34,0,12
BRDA:321,34,1,8
BRF:66
BRH:62
end_of_record
