TN:
SF:src/calculator.js
FN:10,(anonymous_0)
FN:21,(anonymous_1)
FN:37,(anonymous_2)
FN:53,(anonymous_3)
FN:69,(anonymous_4)
FN:89,(anonymous_5)
FN:104,(anonymous_6)
FN:122,(anonymous_7)
FN:129,(anonymous_8)
FN:137,(anonymous_9)
FN:148,(anonymous_10)
FN:168,(anonymous_11)
FN:172,(anonymous_12)
FN:179,(anonymous_13)
FNF:14
FNH:14
FNDA:46,(anonymous_0)
FNDA:129,(anonymous_1)
FNDA:9,(anonymous_2)
FNDA:13,(anonymous_3)
FNDA:8,(anonymous_4)
FNDA:7,(anonymous_5)
FNDA:7,(anonymous_6)
FNDA:6,(anonymous_7)
FNDA:1,(anonymous_8)
FNDA:4,(anonymous_9)
FNDA:157,(anonymous_10)
FNDA:3,(anonymous_11)
FNDA:7,(anonymous_12)
FNDA:5,(anonymous_13)
DA:11,46
DA:12,46
DA:22,129
DA:23,4
DA:26,125
DA:27,125
DA:28,125
DA:38,9
DA:39,2
DA:42,7
DA:43,7
DA:44,7
DA:54,13
DA:55,2
DA:58,11
DA:59,11
DA:60,11
DA:70,8
DA:71,2
DA:74,6
DA:75,1
DA:78,5
DA:79,5
DA:80,5
DA:90,7
DA:91,2
DA:94,5
DA:95,5
DA:96,5
DA:105,7
DA:106,2
DA:109,5
DA:110,1
DA:113,4
DA:114,4
DA:115,4
DA:123,6
DA:130,1
DA:138,4
DA:149,157
DA:156,157
DA:159,157
DA:160,10
DA:169,3
DA:170,3
DA:172,3
DA:173,7
DA:176,3
DA:180,5
DA:187,1
LF:50
LH:50
BRDA:22,0,0,4
BRDA:22,0,1,125
BRDA:22,1,0,129
BRDA:22,1,1,126
BRDA:38,2,0,2
BRDA:38,2,1,7
BRDA:38,3,0,9
BRDA:38,3,1,8
BRDA:54,4,0,2
BRDA:54,4,1,11
BRDA:54,5,0,13
BRDA:54,5,1,12
BRDA:70,6,0,2
BRDA:70,6,1,6
BRDA:70,7,0,8
BRDA:70,7,1,7
BRDA:74,8,0,1
BRDA:74,8,1,5
BRDA:90,9,0,2
BRDA:90,9,1,5
BRDA:90,10,0,7
BRDA:90,10,1,6
BRDA:105,11,0,2
BRDA:105,11,1,5
BRDA:109,12,0,1
BRDA:109,12,1,4
BRDA:138,13,0,2
BRDA:138,13,1,2
BRDA:159,14,0,10
BRDA:159,14,1,147
BRDA:173,15,0,7
BRDA:173,15,1,5
BRDA:180,16,0,2
BRDA:180,16,1,3
BRF:34
BRH:34
end_of_record
TN:
SF:src/logger.js
FN:10,(anonymous_0)
FN:33,(anonymous_1)
FN:42,(anonymous_2)
FN:51,(anonymous_3)
FN:60,(anonymous_4)
FN:71,(anonymous_5)
FN:117,(anonymous_6)
FN:132,(anonymous_7)
FN:153,(anonymous_8)
FN:164,(anonymous_9)
FN:188,(anonymous_10)
FN:203,(anonymous_11)
FN:213,(anonymous_12)
FN:229,(anonymous_13)
FN:244,createRequestLogger
FN:247,(anonymous_15)
FN:250,(anonymous_16)
FNF:17
FNH:0
FNDA:0,(anonymous_0)
FNDA:0,(anonymous_1)
FNDA:0,(anonymous_2)
FNDA:0,(anonymous_3)
FNDA:0,(anonymous_4)
FNDA:0,(anonymous_5)
FNDA:0,(anonymous_6)
FNDA:0,(anonymous_7)
FNDA:0,(anonymous_8)
FNDA:0,(anonymous_9)
FNDA:0,(anonymous_10)
FNDA:0,(anonymous_11)
FNDA:0,(anonymous_12)
FNDA:0,(anonymous_13)
FNDA:0,createRequestLogger
FNDA:0,(anonymous_15)
FNDA:0,(anonymous_16)
DA:11,0
DA:12,0
DA:13,0
DA:20,0
DA:34,0
DA:43,0
DA:52,0
DA:61,0
DA:73,0
DA:74,0
DA:77,0
DA:78,0
DA:79,0
DA:82,0
DA:91,0
DA:92,0
DA:94,0
DA:95,0
DA:97,0
DA:98,0
DA:100,0
DA:103,0
DA:109,0
DA:118,0
DA:119,0
DA:121,0
DA:122,0
DA:125,0
DA:142,0
DA:154,0
DA:155,0
DA:165,0
DA:175,0
DA:177,0
DA:178,0
DA:180,0
DA:189,0
DA:190,0
DA:191,0
DA:192,0
DA:194,0
DA:195,0
DA:204,0
DA:214,0
DA:221,0
DA:222,0
DA:230,0
DA:245,0
DA:247,0
DA:248,0
DA:250,0
DA:251,0
DA:252,0
DA:255,0
DA:259,0
LF:55
LH:0
BRDA:10,0,0,0
BRDA:33,1,0,0
BRDA:42,2,0,0
BRDA:51,3,0,0
BRDA:60,4,0,0
BRDA:73,5,0,0
BRDA:73,5,1,0
BRDA:78,6,0,0
BRDA:78,6,1,0
BRDA:87,7,0,0
BRDA:87,7,1,0
BRDA:91,8,0,0
BRDA:91,8,1,0
BRDA:94,9,0,0
BRDA:94,9,1,0
BRDA:94,10,0,0
BRDA:94,10,1,0
BRDA:97,11,0,0
BRDA:97,11,1,0
BRDA:118,12,0,0
BRDA:118,12,1,0
BRDA:121,13,0,0
BRDA:121,13,1,0
BRDA:142,14,0,0
BRDA:142,14,1,0
BRDA:171,15,0,0
BRDA:171,15,1,0
BRDA:177,16,0,0
BRDA:177,16,1,0
BRDA:190,17,0,0
BRDA:190,17,1,0
BRDA:191,18,0,0
BRDA:191,18,1,0
BRDA:191,18,2,0
BRDA:194,19,0,0
BRDA:194,19,1,0
BRDA:213,20,0,0
BRDA:221,21,0,0
BRDA:221,21,1,0
BRDA:244,22,0,0
BRF:40
BRH:0
end_of_record
TN:
SF:src/userManager.js
FN:10,(anonymous_0)
FN:22,(anonymous_1)
FN:64,(anonymous_2)
FN:74,(anonymous_3)
FN:98,(anonymous_4)
FN:105,(anonymous_5)
FN:109,(anonymous_6)
FN:119,(anonymous_7)
FN:128,(anonymous_8)
FN:177,(anonymous_9)
FN:197,(anonymous_10)
FN:206,(anonymous_11)
FN:224,(anonymous_12)
FN:226,(anonymous_13)
FN:227,(anonymous_14)
FN:234,(anonymous_15)
FN:240,(anonymous_16)
FN:244,(anonymous_17)
FN:253,(anonymous_18)
FN:264,(anonymous_19)
FN:275,(anonymous_20)
FN:292,(anonymous_21)
FN:300,(anonymous_22)
FNF:23
FNH:23
FNDA:46,(anonymous_0)
FNDA:84,(anonymous_1)
FNDA:8,(anonymous_2)
FNDA:6,(anonymous_3)
FNDA:13,(anonymous_4)
FNDA:2,(anonymous_5)
FNDA:17,(anonymous_6)
FNDA:27,(anonymous_7)
FNDA:11,(anonymous_8)
FNDA:8,(anonymous_9)
FNDA:1,(anonymous_10)
FNDA:1,(anonymous_11)
FNDA:4,(anonymous_12)
FNDA:6,(anonymous_13)
FNDA:6,(anonymous_14)
FNDA:6,(anonymous_15)
FNDA:3,(anonymous_16)
FNDA:3,(anonymous_17)
FNDA:2,(anonymous_18)
FNDA:85,(anonymous_19)
FNDA:79,(anonymous_20)
FNDA:6,(anonymous_21)
FNDA:12,(anonymous_22)
DA:11,46
DA:12,46
DA:24,84
DA:25,2
DA:28,82
DA:29,2
DA:32,80
DA:33,4
DA:37,76
DA:38,2
DA:42,74
DA:53,74
DA:54,74
DA:56,74
DA:65,8
DA:66,8
DA:75,6
DA:76,3
DA:79,3
DA:81,3
DA:82,5
DA:83,2
DA:87,1
DA:99,13
DA:101,13
DA:104,13
DA:105,2
DA:109,17
DA:112,13
DA:113,2
DA:114,11
DA:115,0
DA:119,27
DA:129,11
DA:131,11
DA:132,1
DA:136,10
DA:137,5
DA:138,1
DA:141,4
DA:144,4
DA:145,1
DA:148,3
DA:152,8
DA:161,8
DA:162,7
DA:163,2
DA:165,5
DA:168,6
DA:169,6
DA:178,8
DA:180,8
DA:181,1
DA:185,7
DA:186,7
DA:187,7
DA:189,7
DA:198,1
DA:207,1
DA:209,1
DA:210,0
DA:213,1
DA:214,1
DA:215,1
DA:217,1
DA:225,4
DA:226,6
DA:227,6
DA:229,4
DA:235,6
DA:236,6
DA:241,3
DA:245,3
DA:254,2
DA:255,2
DA:265,85
DA:266,85
DA:276,79
DA:278,79
DA:279,44
DA:280,3
DA:284,76
DA:293,6
DA:294,2
DA:297,4
DA:299,4
DA:301,12
DA:307,1
LF:88
LH:86
BRDA:22,0,0,83
BRDA:24,1,0,2
BRDA:24,1,1,82
BRDA:24,2,0,84
BRDA:24,2,1,82
BRDA:28,3,0,2
BRDA:28,3,1,80
BRDA:28,4,0,82
BRDA:28,4,1,80
BRDA:32,5,0,4
BRDA:32,5,1,76
BRDA:37,6,0,2
BRDA:37,6,1,74
BRDA:66,7,0,6
BRDA:66,7,1,2
BRDA:75,8,0,3
BRDA:75,8,1,3
BRDA:75,9,0,6
BRDA:75,9,1,4
BRDA:82,10,0,2
BRDA:82,10,1,3
BRDA:98,11,0,10
BRDA:99,12,0,12
BRDA:99,13,0,12
BRDA:104,14,0,1
BRDA:104,14,1,12
BRDA:112,15,0,2
BRDA:112,15,1,11
BRDA:114,16,0,0
BRDA:114,16,1,11
BRDA:131,17,0,1
BRDA:131,17,1,10
BRDA:136,18,0,5
BRDA:136,18,1,5
BRDA:137,19,0,1
BRDA:137,19,1,4
BRDA:144,20,0,1
BRDA:144,20,1,3
BRDA:144,21,0,4
BRDA:144,21,1,3
BRDA:161,22,0,7
BRDA:161,22,1,1
BRDA:162,23,0,2
BRDA:162,23,1,5
BRDA:162,24,0,7
BRDA:162,24,1,5
BRDA:180,25,0,1
BRDA:180,25,1,7
BRDA:209,26,0,0
BRDA:209,26,1,1
BRDA:239,27,0,3
BRDA:239,27,1,1
BRDA:241,28,0,0
BRDA:241,28,1,3
BRDA:243,29,0,3
BRDA:243,29,1,1
BRDA:245,30,0,0
BRDA:245,30,1,3
BRDA:279,31,0,3
BRDA:279,31,1,41
BRDA:293,32,0,2
BRDA:293,32,1,4
BRDA:293,33,0,6
BRDA:293,33,1,4
BRDA:301,34,0,12
BRDA:301,34,1,8
BRF:66
BRH:62
end_of_record
